<?xml version="1.0" encoding="UTF-8"?>
<!-- Generated by org.testng.reporters.JUnitXMLReporter -->
<testsuite hostname="LAPTOP-J985O40L" ignored="0" name="Default test" tests="3" failures="0" timestamp="2019-09-03T20:55:31 BOT" time="29.056" errors="0">
  <testcase name="abrirTirarSelfieCameraTest" time="3.915" classname="appium.java.aulas.Aula5"/>
  <testcase name="aplicarfiltroCameraTest" time="6.28" classname="appium.java.aulas.Aula5"/>
  <testcase name="compartilharCameraTest" time="7.496" classname="appium.java.aulas.Aula5"/>
</testsuite> <!-- Default test -->
