<?xml version="1.0" encoding="UTF-8"?>
<!-- Generated by org.testng.reporters.JUnitXMLReporter -->
<testsuite hostname="Bruno-Notebook" ignored="0" name="Default test" tests="4" failures="0" timestamp="2019-08-24T11:56:02 BOT" time="53.254" errors="0">
  <testcase name="testMulDecimal" time="17.067" classname="appium.java.aulas.Aula2"/>
  <testcase name="testMulSoma" time="8.742" classname="appium.java.aulas.Aula2"/>
  <testcase name="testSomaDecimal" time="10.298" classname="appium.java.aulas.Aula2"/>
  <testcase name="testSomaInt" time="6.212" classname="appium.java.aulas.Aula2"/>
</testsuite> <!-- Default test -->
