<?xml version="1.0" encoding="UTF-8"?>
<testng-results skipped="0" failed="0" ignored="0" total="1" passed="1">
  <reporter-output>
  </reporter-output>
  <suite name="Suite" duration-ms="39774" started-at="2019-09-12T21:34:03 BOT" finished-at="2019-09-12T21:34:43 BOT">
    <groups>
    </groups>
    <test name="Test1" duration-ms="39774" started-at="2019-09-12T21:34:03 BOT" finished-at="2019-09-12T21:34:43 BOT">
      <class name="appium.java.aulas.MultDevices">
        <test-method status="PASS" signature="beforeMethod(java.lang.String, java.lang.String, java.lang.String, java.lang.String)[pri:0, instance:appium.java.aulas.MultDevices@2d6eabae]" name="beforeMethod" is-config="true" duration-ms="37612" started-at="2019-09-12T21:34:03 BOT" finished-at="2019-09-12T21:34:41 BOT">
          <params>
            <param index="0">
              <value>
                <![CDATA[ZF52246JVH]]>
              </value>
            </param>
            <param index="1">
              <value>
                <![CDATA[ZF52246JVH]]>
              </value>
            </param>
            <param index="2">
              <value>
                <![CDATA[127.0.0.1:4723/wd/hub]]>
              </value>
            </param>
            <param index="3">
              <value>
                <![CDATA[8200]]>
              </value>
            </param>
          </params>
          <reporter-output>
          </reporter-output>
        </test-method> <!-- beforeMethod -->
        <test-method status="PASS" signature="criarEventoTest()[pri:0, instance:appium.java.aulas.MultDevices@2d6eabae]" name="criarEventoTest" duration-ms="2111" started-at="2019-09-12T21:34:41 BOT" finished-at="2019-09-12T21:34:43 BOT">
          <reporter-output>
          </reporter-output>
        </test-method> <!-- criarEventoTest -->
      </class> <!-- appium.java.aulas.MultDevices -->
    </test> <!-- Test1 -->
  </suite> <!-- Suite -->
</testng-results>
